<?xml version="1.0" encoding="UTF-8" ?>
<testsuite tests="1" failures="0" name="com.codenjoy.dojo.bomberman.BombermanSolverTest" time="0.015" errors="1" skipped="0">
  <properties>
    <property name="java.runtime.name" value="Java(TM) SE Runtime Environment"/>
    <property name="sun.boot.library.path" value="/Library/Java/JavaVirtualMachines/jdk1.8.0_45.jdk/Contents/Home/jre/lib"/>
    <property name="java.vm.version" value="25.45-b02"/>
    <property name="user.country.format" value="NL"/>
    <property name="gopherProxySet" value="false"/>
    <property name="java.vm.vendor" value="Oracle Corporation"/>
    <property name="java.vendor.url" value="http://java.oracle.com/"/>
    <property name="path.separator" value=":"/>
    <property name="java.vm.name" value="Java HotSpot(TM) 64-Bit Server VM"/>
    <property name="file.encoding.pkg" value="sun.io"/>
    <property name="user.country" value="US"/>
    <property name="sun.java.launcher" value="SUN_STANDARD"/>
    <property name="sun.os.patch.level" value="unknown"/>
    <property name="java.vm.specification.name" value="Java Virtual Machine Specification"/>
    <property name="user.dir" value="/Users/kateryna/DevStuff/bomberman-servers"/>
    <property name="java.runtime.version" value="1.8.0_45-b14"/>
    <property name="java.awt.graphicsenv" value="sun.awt.CGraphicsEnvironment"/>
    <property name="basedir" value="/Users/kateryna/DevStuff/bomberman-servers"/>
    <property name="java.endorsed.dirs" value="/Library/Java/JavaVirtualMachines/jdk1.8.0_45.jdk/Contents/Home/jre/lib/endorsed"/>
    <property name="os.arch" value="x86_64"/>
    <property name="surefire.real.class.path" value="/var/folders/nb/qx3rdqdd0dn5sbpltpb1lps00000gp/T/surefirebooter2628901761359394779.jar"/>
    <property name="java.io.tmpdir" value="/var/folders/nb/qx3rdqdd0dn5sbpltpb1lps00000gp/T/"/>
    <property name="line.separator" value="
"/>
    <property name="java.vm.specification.vendor" value="Oracle Corporation"/>
    <property name="os.name" value="Mac OS X"/>
    <property name="sun.jnu.encoding" value="UTF-8"/>
    <property name="java.library.path" value="/Users/kateryna/Library/Java/Extensions:/Library/Java/Extensions:/Network/Library/Java/Extensions:/System/Library/Java/Extensions:/usr/lib/java:."/>
    <property name="surefire.test.class.path" value="/Users/kateryna/DevStuff/bomberman-servers/target/test-classes:/Users/kateryna/DevStuff/bomberman-servers/target/classes:/Users/kateryna/.m2/repository/com/codenjoy/engine/1.0/engine-1.0.jar:/Users/kateryna/.m2/repository/org/eclipse/jetty/jetty-servlet/8.1.4.v20120524/jetty-servlet-8.1.4.v20120524.jar:/Users/kateryna/.m2/repository/org/eclipse/jetty/jetty-security/8.1.4.v20120524/jetty-security-8.1.4.v20120524.jar:/Users/kateryna/.m2/repository/org/eclipse/jetty/jetty-server/8.1.4.v20120524/jetty-server-8.1.4.v20120524.jar:/Users/kateryna/.m2/repository/org/eclipse/jetty/orbit/javax.servlet/3.0.0.v201112011016/javax.servlet-3.0.0.v201112011016.jar:/Users/kateryna/.m2/repository/org/eclipse/jetty/jetty-continuation/8.1.4.v20120524/jetty-continuation-8.1.4.v20120524.jar:/Users/kateryna/.m2/repository/org/eclipse/jetty/jetty-http/8.1.4.v20120524/jetty-http-8.1.4.v20120524.jar:/Users/kateryna/.m2/repository/org/eclipse/jetty/jetty-io/8.1.4.v20120524/jetty-io-8.1.4.v20120524.jar:/Users/kateryna/.m2/repository/org/eclipse/jetty/jetty-util/8.1.4.v20120524/jetty-util-8.1.4.v20120524.jar:/Users/kateryna/.m2/repository/org/eclipse/jetty/jetty-websocket/8.1.4.v20120524/jetty-websocket-8.1.4.v20120524.jar:/Users/kateryna/.m2/repository/commons-collections/commons-collections/3.2.1/commons-collections-3.2.1.jar:/Users/kateryna/.m2/repository/commons-lang/commons-lang/2.6/commons-lang-2.6.jar:/Users/kateryna/.m2/repository/junit/junit/4.10/junit-4.10.jar:/Users/kateryna/.m2/repository/org/hamcrest/hamcrest-core/1.1/hamcrest-core-1.1.jar:/Users/kateryna/.m2/repository/org/mockito/mockito-all/1.9.5/mockito-all-1.9.5.jar:/Users/kateryna/.m2/repository/org/easytesting/fest-assert/1.4/fest-assert-1.4.jar:/Users/kateryna/.m2/repository/org/easytesting/fest-util/1.1.6/fest-util-1.1.6.jar:/Users/kateryna/.m2/repository/org/easytesting/fest-reflect/1.2/fest-reflect-1.2.jar:/Users/kateryna/.m2/repository/org/scala-lang/scala-library/2.11.7/scala-library-2.11.7.jar:"/>
    <property name="java.specification.name" value="Java Platform API Specification"/>
    <property name="java.class.version" value="52.0"/>
    <property name="sun.management.compiler" value="HotSpot 64-Bit Tiered Compilers"/>
    <property name="os.version" value="10.11.3"/>
    <property name="http.nonProxyHosts" value="local|*.local|169.254/16|*.169.254/16"/>
    <property name="user.home" value="/Users/kateryna"/>
    <property name="user.timezone" value="Europe/Amsterdam"/>
    <property name="java.awt.printerjob" value="sun.lwawt.macosx.CPrinterJob"/>
    <property name="java.specification.version" value="1.8"/>
    <property name="file.encoding" value="UTF-8"/>
    <property name="user.name" value="kateryna"/>
    <property name="java.class.path" value="/Users/kateryna/DevStuff/bomberman-servers/target/test-classes:/Users/kateryna/DevStuff/bomberman-servers/target/classes:/Users/kateryna/.m2/repository/com/codenjoy/engine/1.0/engine-1.0.jar:/Users/kateryna/.m2/repository/org/eclipse/jetty/jetty-servlet/8.1.4.v20120524/jetty-servlet-8.1.4.v20120524.jar:/Users/kateryna/.m2/repository/org/eclipse/jetty/jetty-security/8.1.4.v20120524/jetty-security-8.1.4.v20120524.jar:/Users/kateryna/.m2/repository/org/eclipse/jetty/jetty-server/8.1.4.v20120524/jetty-server-8.1.4.v20120524.jar:/Users/kateryna/.m2/repository/org/eclipse/jetty/orbit/javax.servlet/3.0.0.v201112011016/javax.servlet-3.0.0.v201112011016.jar:/Users/kateryna/.m2/repository/org/eclipse/jetty/jetty-continuation/8.1.4.v20120524/jetty-continuation-8.1.4.v20120524.jar:/Users/kateryna/.m2/repository/org/eclipse/jetty/jetty-http/8.1.4.v20120524/jetty-http-8.1.4.v20120524.jar:/Users/kateryna/.m2/repository/org/eclipse/jetty/jetty-io/8.1.4.v20120524/jetty-io-8.1.4.v20120524.jar:/Users/kateryna/.m2/repository/org/eclipse/jetty/jetty-util/8.1.4.v20120524/jetty-util-8.1.4.v20120524.jar:/Users/kateryna/.m2/repository/org/eclipse/jetty/jetty-websocket/8.1.4.v20120524/jetty-websocket-8.1.4.v20120524.jar:/Users/kateryna/.m2/repository/commons-collections/commons-collections/3.2.1/commons-collections-3.2.1.jar:/Users/kateryna/.m2/repository/commons-lang/commons-lang/2.6/commons-lang-2.6.jar:/Users/kateryna/.m2/repository/junit/junit/4.10/junit-4.10.jar:/Users/kateryna/.m2/repository/org/hamcrest/hamcrest-core/1.1/hamcrest-core-1.1.jar:/Users/kateryna/.m2/repository/org/mockito/mockito-all/1.9.5/mockito-all-1.9.5.jar:/Users/kateryna/.m2/repository/org/easytesting/fest-assert/1.4/fest-assert-1.4.jar:/Users/kateryna/.m2/repository/org/easytesting/fest-util/1.1.6/fest-util-1.1.6.jar:/Users/kateryna/.m2/repository/org/easytesting/fest-reflect/1.2/fest-reflect-1.2.jar:/Users/kateryna/.m2/repository/org/scala-lang/scala-library/2.11.7/scala-library-2.11.7.jar:"/>
    <property name="java.vm.specification.version" value="1.8"/>
    <property name="sun.arch.data.model" value="64"/>
    <property name="java.home" value="/Library/Java/JavaVirtualMachines/jdk1.8.0_45.jdk/Contents/Home/jre"/>
    <property name="sun.java.command" value="/var/folders/nb/qx3rdqdd0dn5sbpltpb1lps00000gp/T/surefirebooter2628901761359394779.jar /var/folders/nb/qx3rdqdd0dn5sbpltpb1lps00000gp/T/surefire8902899334487573436tmp /var/folders/nb/qx3rdqdd0dn5sbpltpb1lps00000gp/T/surefire8616058269344283458tmp"/>
    <property name="java.specification.vendor" value="Oracle Corporation"/>
    <property name="user.language" value="en"/>
    <property name="awt.toolkit" value="sun.lwawt.macosx.LWCToolkit"/>
    <property name="java.vm.info" value="mixed mode"/>
    <property name="java.version" value="1.8.0_45"/>
    <property name="java.ext.dirs" value="/Users/kateryna/Library/Java/Extensions:/Library/Java/JavaVirtualMachines/jdk1.8.0_45.jdk/Contents/Home/jre/lib/ext:/Library/Java/Extensions:/Network/Library/Java/Extensions:/System/Library/Java/Extensions:/usr/lib/java"/>
    <property name="sun.boot.class.path" value="/Library/Java/JavaVirtualMachines/jdk1.8.0_45.jdk/Contents/Home/jre/lib/resources.jar:/Library/Java/JavaVirtualMachines/jdk1.8.0_45.jdk/Contents/Home/jre/lib/rt.jar:/Library/Java/JavaVirtualMachines/jdk1.8.0_45.jdk/Contents/Home/jre/lib/sunrsasign.jar:/Library/Java/JavaVirtualMachines/jdk1.8.0_45.jdk/Contents/Home/jre/lib/jsse.jar:/Library/Java/JavaVirtualMachines/jdk1.8.0_45.jdk/Contents/Home/jre/lib/jce.jar:/Library/Java/JavaVirtualMachines/jdk1.8.0_45.jdk/Contents/Home/jre/lib/charsets.jar:/Library/Java/JavaVirtualMachines/jdk1.8.0_45.jdk/Contents/Home/jre/lib/jfr.jar:/Library/Java/JavaVirtualMachines/jdk1.8.0_45.jdk/Contents/Home/jre/classes"/>
    <property name="java.vendor" value="Oracle Corporation"/>
    <property name="localRepository" value="/Users/kateryna/.m2/repository"/>
    <property name="file.separator" value="/"/>
    <property name="java.vendor.url.bug" value="http://bugreport.sun.com/bugreport/"/>
    <property name="sun.cpu.endian" value="little"/>
    <property name="sun.io.unicode.encoding" value="UnicodeBig"/>
    <property name="socksNonProxyHosts" value="local|*.local|169.254/16|*.169.254/16"/>
    <property name="ftp.nonProxyHosts" value="local|*.local|169.254/16|*.169.254/16"/>
    <property name="sun.cpu.isalist" value=""/>
  </properties>
  <testcase classname="com.codenjoy.dojo.bomberman.BombermanSolverTest" name="initializationError" time="0.001">
    <error message="No runnable methods" type="java.lang.Exception">java.lang.Exception: No runnable methods
	at org.junit.runners.BlockJUnit4ClassRunner.validateInstanceMethods(BlockJUnit4ClassRunner.java:166)
	at org.junit.runners.BlockJUnit4ClassRunner.collectInitializationErrors(BlockJUnit4ClassRunner.java:102)
	at org.junit.runners.ParentRunner.validate(ParentRunner.java:344)
	at org.junit.runners.ParentRunner.&lt;init&gt;(ParentRunner.java:74)
	at org.junit.runners.BlockJUnit4ClassRunner.&lt;init&gt;(BlockJUnit4ClassRunner.java:55)
	at org.junit.internal.builders.JUnit4Builder.runnerForClass(JUnit4Builder.java:13)
	at org.junit.runners.model.RunnerBuilder.safeRunnerForClass(RunnerBuilder.java:57)
	at org.junit.internal.builders.AllDefaultPossibilitiesBuilder.runnerForClass(AllDefaultPossibilitiesBuilder.java:29)
	at org.junit.runners.model.RunnerBuilder.safeRunnerForClass(RunnerBuilder.java:57)
	at org.junit.internal.requests.ClassRequest.getRunner(ClassRequest.java:24)
	at org.apache.maven.surefire.junit4.JUnit4TestSet.&lt;init&gt;(JUnit4TestSet.java:45)
	at org.apache.maven.surefire.junit4.JUnit4DirectoryTestSuite.createTestSet(JUnit4DirectoryTestSuite.java:56)
	at org.apache.maven.surefire.suite.AbstractDirectoryTestSuite.locateTestSets(AbstractDirectoryTestSuite.java:96)
	at org.apache.maven.surefire.Surefire.createSuiteFromDefinition(Surefire.java:209)
	at org.apache.maven.surefire.Surefire.run(Surefire.java:156)
	at sun.reflect.NativeMethodAccessorImpl.invoke0(Native Method)
	at sun.reflect.NativeMethodAccessorImpl.invoke(NativeMethodAccessorImpl.java:62)
	at sun.reflect.DelegatingMethodAccessorImpl.invoke(DelegatingMethodAccessorImpl.java:43)
	at java.lang.reflect.Method.invoke(Method.java:497)
	at org.apache.maven.surefire.booter.SurefireBooter.runSuitesInProcess(SurefireBooter.java:345)
	at org.apache.maven.surefire.booter.SurefireBooter.main(SurefireBooter.java:1009)
</error>
  </testcase>
</testsuite>